[0.016s] Invoking command in '/home/usuario/Documentos/GitHub/IR2117/build/olympic_interfaces': CMAKE_PREFIX_PATH=/opt/ros/foxy /usr/bin/cmake /home/usuario/Documentos/GitHub/IR2117/tb3_ws/src/olympic_interfaces -DCMAKE_INSTALL_PREFIX=/home/usuario/Documentos/GitHub/IR2117/install/olympic_interfaces
[0.075s] -- The C compiler identification is GNU 9.4.0
[0.125s] -- The CXX compiler identification is GNU 9.4.0
[0.134s] -- Check for working C compiler: /usr/bin/cc
[0.205s] -- Check for working C compiler: /usr/bin/cc -- works
[0.206s] -- Detecting C compiler ABI info
[0.287s] -- Detecting C compiler ABI info - done
[0.301s] -- Detecting C compile features
[0.301s] -- Detecting C compile features - done
[0.305s] -- Check for working CXX compiler: /usr/bin/c++
[0.385s] -- Check for working CXX compiler: /usr/bin/c++ -- works
[0.387s] -- Detecting CXX compiler ABI info
[0.474s] -- Detecting CXX compiler ABI info - done
[0.487s] -- Detecting CXX compile features
[0.487s] -- Detecting CXX compile features - done
[0.490s] -- Found ament_cmake: 0.9.11 (/opt/ros/foxy/share/ament_cmake/cmake)
[0.513s] -- Found PythonInterp: /usr/bin/python3 (found suitable version "3.8.10", minimum required is "3") 
[0.513s] -- Using PYTHON_EXECUTABLE: /usr/bin/python3
[0.701s] -- Found ament_lint_auto: 0.9.7 (/opt/ros/foxy/share/ament_lint_auto/cmake)
[0.772s] -- Found rosidl_default_generators: 1.0.1 (/opt/ros/foxy/share/rosidl_default_generators/cmake)
[0.774s] -- Using all available rosidl_typesupport_c: rosidl_typesupport_fastrtps_c;rosidl_typesupport_introspection_c
[0.778s] -- Found rosidl_adapter: 1.3.0 (/opt/ros/foxy/share/rosidl_adapter/cmake)
[0.861s] -- Found OpenSSL: /usr/lib/x86_64-linux-gnu/libcrypto.so (found version "1.1.1f")  
[0.886s] -- Found FastRTPS: /opt/ros/foxy/include  
[0.949s] -- Using all available rosidl_typesupport_cpp: rosidl_typesupport_fastrtps_cpp;rosidl_typesupport_introspection_cpp
[0.996s] -- Found PythonInterp: /usr/bin/python3 (found version "3.8.10") 
[1.145s] CMake Error at /opt/ros/foxy/share/rosidl_adapter/cmake/rosidl_adapt_interfaces.cmake:60 (message):
[1.146s]   execute_process(/usr/bin/python3 -m rosidl_adapter --package-name
[1.146s]   olympic_interfaces --arguments-file
[1.146s]   /home/usuario/Documentos/GitHub/IR2117/build/olympic_interfaces/rosidl_adapter__arguments__olympic_interfaces.json
[1.146s]   --output-dir
[1.146s]   /home/usuario/Documentos/GitHub/IR2117/build/olympic_interfaces/rosidl_adapter/olympic_interfaces
[1.146s]   --output-file
[1.146s]   /home/usuario/Documentos/GitHub/IR2117/build/olympic_interfaces/rosidl_adapter/olympic_interfaces.idls)
[1.146s]   returned error code 1:
[1.146s] 
[1.146s]   Traceback (most recent call last):
[1.146s] 
[1.146s]     File "/usr/lib/python3.8/runpy.py", line 194, in _run_module_as_main
[1.146s]       return _run_code(code, main_globals, None,
[1.146s]     File "/usr/lib/python3.8/runpy.py", line 87, in _run_code
[1.146s]       exec(code, run_globals)
[1.147s]     File "/opt/ros/foxy/lib/python3.8/site-packages/rosidl_adapter/__main__.py", line 19, in <module>
[1.147s]       sys.exit(main())
[1.147s]     File "/opt/ros/foxy/lib/python3.8/site-packages/rosidl_adapter/main.py", line 53, in main
[1.147s]       abs_idl_file = convert_to_idl(
[1.147s]     File "/opt/ros/foxy/lib/python3.8/site-packages/rosidl_adapter/__init__.py", line 29, in convert_to_idl
[1.147s]       return convert_action_to_idl(
[1.147s]     File "/opt/ros/foxy/lib/python3.8/site-packages/rosidl_adapter/action/__init__.py", line 28, in convert_action_to_idl
[1.147s]       action = parse_action_string(package_name, input_file.stem, content)
[1.147s]     File "/opt/ros/foxy/lib/python3.8/site-packages/rosidl_adapter/parser.py", line 892, in parse_action_string
[1.147s]       goal_message = parse_message_string(
[1.148s]     File "/opt/ros/foxy/lib/python3.8/site-packages/rosidl_adapter/parser.py", line 540, in parse_message_string
[1.148s]       msg = MessageSpecification(pkg_name, msg_name, fields, constants)
[1.148s]     File "/opt/ros/foxy/lib/python3.8/site-packages/rosidl_adapter/parser.py", line 387, in __init__
[1.148s]       self.base_type = BaseType(
[1.148s]     File "/opt/ros/foxy/lib/python3.8/site-packages/rosidl_adapter/parser.py", line 204, in __init__
[1.148s]       raise InvalidResourceName(
[1.148s] 
[1.148s]   rosidl_adapter.parser.InvalidResourceName: 'rings_Goal' is an invalid
[1.148s]   message name.  It should have the pattern '^[A-Z][A-Za-z0-9]*$'
[1.148s] 
[1.148s] Call Stack (most recent call first):
[1.148s]   /opt/ros/foxy/share/rosidl_cmake/cmake/rosidl_generate_interfaces.cmake:130 (rosidl_adapt_interfaces)
[1.148s]   CMakeLists.txt:36 (rosidl_generate_interfaces)
[1.148s] 
[1.148s] 
[1.149s] -- Configuring incomplete, errors occurred!
[1.149s] See also "/home/usuario/Documentos/GitHub/IR2117/build/olympic_interfaces/CMakeFiles/CMakeOutput.log".
[1.157s] Invoked command in '/home/usuario/Documentos/GitHub/IR2117/build/olympic_interfaces' returned '1': CMAKE_PREFIX_PATH=/opt/ros/foxy /usr/bin/cmake /home/usuario/Documentos/GitHub/IR2117/tb3_ws/src/olympic_interfaces -DCMAKE_INSTALL_PREFIX=/home/usuario/Documentos/GitHub/IR2117/install/olympic_interfaces
