[0.146s] DEBUG:colcon:Command line arguments: ['/usr/bin/colcon', 'build', '--packages-select', 'olympic_interfaces']
[0.146s] DEBUG:colcon:Parsed command line arguments: Namespace(allow_overriding=[], ament_cmake_args=None, base_paths=['.'], build_base='build', catkin_cmake_args=None, catkin_skip_building_tests=False, cmake_args=None, cmake_clean_cache=False, cmake_clean_first=False, cmake_force_configure=False, cmake_target=None, cmake_target_skip_unavailable=False, continue_on_error=False, event_handlers=None, executor='parallel', ignore_user_meta=False, install_base='install', log_base=None, log_level=None, main=<bound method BuildVerb.main of <colcon_core.verb.build.BuildVerb object at 0x7f7d10e3c700>>, merge_install=False, metas=['./colcon.meta'], packages_above=None, packages_above_and_dependencies=None, packages_above_depth=None, packages_end=None, packages_ignore=None, packages_ignore_regex=None, packages_select=['olympic_interfaces'], packages_select_build_failed=False, packages_select_by_dep=None, packages_select_regex=None, packages_select_test_failures=False, packages_skip=None, packages_skip_build_finished=False, packages_skip_by_dep=None, packages_skip_regex=None, packages_skip_test_passed=False, packages_skip_up_to=None, packages_start=None, packages_up_to=None, packages_up_to_regex=None, parallel_workers=6, paths=None, symlink_install=False, test_result_base=None, verb_extension=<colcon_core.verb.build.BuildVerb object at 0x7f7d10e3c700>, verb_name='build', verb_parser=<colcon_defaults.argument_parser.defaults.DefaultArgumentsDecorator object at 0x7f7d10e3cc40>)
[0.167s] Level 1:colcon.colcon_core.package_discovery:discover_packages(colcon_meta) check parameters
[0.167s] Level 1:colcon.colcon_core.package_discovery:discover_packages(recursive) check parameters
[0.167s] Level 1:colcon.colcon_core.package_discovery:discover_packages(ignore) check parameters
[0.167s] Level 1:colcon.colcon_core.package_discovery:discover_packages(path) check parameters
[0.167s] Level 1:colcon.colcon_core.package_discovery:discover_packages(colcon_meta) discover
[0.167s] Level 1:colcon.colcon_core.package_discovery:discover_packages(recursive) discover
[0.167s] INFO:colcon.colcon_core.package_discovery:Crawling recursively for packages in '/home/usuario/Documentos/GitHub/IR2117'
[0.167s] Level 1:colcon.colcon_core.package_identification:_identify(.) by extensions ['ignore', 'ignore_ament_install']
[0.167s] Level 1:colcon.colcon_core.package_identification:_identify(.) by extension 'ignore'
[0.167s] Level 1:colcon.colcon_core.package_identification:_identify(.) by extension 'ignore_ament_install'
[0.167s] Level 1:colcon.colcon_core.package_identification:_identify(.) by extensions ['colcon_pkg']
[0.168s] Level 1:colcon.colcon_core.package_identification:_identify(.) by extension 'colcon_pkg'
[0.168s] Level 1:colcon.colcon_core.package_identification:_identify(.) by extensions ['colcon_meta']
[0.168s] Level 1:colcon.colcon_core.package_identification:_identify(.) by extension 'colcon_meta'
[0.168s] Level 1:colcon.colcon_core.package_identification:_identify(.) by extensions ['ros']
[0.168s] Level 1:colcon.colcon_core.package_identification:_identify(.) by extension 'ros'
[0.183s] Level 1:colcon.colcon_core.package_identification:_identify(.) by extensions ['cmake', 'python']
[0.183s] Level 1:colcon.colcon_core.package_identification:_identify(.) by extension 'cmake'
[0.184s] Level 1:colcon.colcon_core.package_identification:_identify(.) by extension 'python'
[0.184s] Level 1:colcon.colcon_core.package_identification:_identify(.) by extensions ['python_setup_py']
[0.184s] Level 1:colcon.colcon_core.package_identification:_identify(.) by extension 'python_setup_py'
[0.184s] Level 1:colcon.colcon_core.package_identification:_identify(Statistics) by extensions ['ignore', 'ignore_ament_install']
[0.184s] Level 1:colcon.colcon_core.package_identification:_identify(Statistics) by extension 'ignore'
[0.184s] Level 1:colcon.colcon_core.package_identification:_identify(Statistics) by extension 'ignore_ament_install'
[0.184s] Level 1:colcon.colcon_core.package_identification:_identify(Statistics) by extensions ['colcon_pkg']
[0.184s] Level 1:colcon.colcon_core.package_identification:_identify(Statistics) by extension 'colcon_pkg'
[0.184s] Level 1:colcon.colcon_core.package_identification:_identify(Statistics) by extensions ['colcon_meta']
[0.184s] Level 1:colcon.colcon_core.package_identification:_identify(Statistics) by extension 'colcon_meta'
[0.184s] Level 1:colcon.colcon_core.package_identification:_identify(Statistics) by extensions ['ros']
[0.184s] Level 1:colcon.colcon_core.package_identification:_identify(Statistics) by extension 'ros'
[0.184s] Level 1:colcon.colcon_core.package_identification:_identify(Statistics) by extensions ['cmake', 'python']
[0.184s] Level 1:colcon.colcon_core.package_identification:_identify(Statistics) by extension 'cmake'
[0.184s] Level 1:colcon.colcon_core.package_identification:_identify(Statistics) by extension 'python'
[0.184s] Level 1:colcon.colcon_core.package_identification:_identify(Statistics) by extensions ['python_setup_py']
[0.184s] Level 1:colcon.colcon_core.package_identification:_identify(Statistics) by extension 'python_setup_py'
[0.184s] Level 1:colcon.colcon_core.package_identification:_identify(Sum) by extensions ['ignore', 'ignore_ament_install']
[0.184s] Level 1:colcon.colcon_core.package_identification:_identify(Sum) by extension 'ignore'
[0.184s] Level 1:colcon.colcon_core.package_identification:_identify(Sum) by extension 'ignore_ament_install'
[0.184s] Level 1:colcon.colcon_core.package_identification:_identify(Sum) by extensions ['colcon_pkg']
[0.184s] Level 1:colcon.colcon_core.package_identification:_identify(Sum) by extension 'colcon_pkg'
[0.184s] Level 1:colcon.colcon_core.package_identification:_identify(Sum) by extensions ['colcon_meta']
[0.184s] Level 1:colcon.colcon_core.package_identification:_identify(Sum) by extension 'colcon_meta'
[0.185s] Level 1:colcon.colcon_core.package_identification:_identify(Sum) by extensions ['ros']
[0.185s] Level 1:colcon.colcon_core.package_identification:_identify(Sum) by extension 'ros'
[0.185s] Level 1:colcon.colcon_core.package_identification:_identify(Sum) by extensions ['cmake', 'python']
[0.185s] Level 1:colcon.colcon_core.package_identification:_identify(Sum) by extension 'cmake'
[0.185s] Level 1:colcon.colcon_core.package_identification:_identify(Sum) by extension 'python'
[0.185s] Level 1:colcon.colcon_core.package_identification:_identify(Sum) by extensions ['python_setup_py']
[0.185s] Level 1:colcon.colcon_core.package_identification:_identify(Sum) by extension 'python_setup_py'
[0.185s] Level 1:colcon.colcon_core.package_identification:_identify(build) by extensions ['ignore', 'ignore_ament_install']
[0.185s] Level 1:colcon.colcon_core.package_identification:_identify(build) by extension 'ignore'
[0.185s] Level 1:colcon.colcon_core.package_identification:_identify(build) ignored
[0.185s] Level 1:colcon.colcon_core.package_identification:_identify(install) by extensions ['ignore', 'ignore_ament_install']
[0.185s] Level 1:colcon.colcon_core.package_identification:_identify(install) by extension 'ignore'
[0.185s] Level 1:colcon.colcon_core.package_identification:_identify(install) ignored
[0.185s] Level 1:colcon.colcon_core.package_identification:_identify(log) by extensions ['ignore', 'ignore_ament_install']
[0.185s] Level 1:colcon.colcon_core.package_identification:_identify(log) by extension 'ignore'
[0.185s] Level 1:colcon.colcon_core.package_identification:_identify(log) ignored
[0.185s] Level 1:colcon.colcon_core.package_identification:_identify(matrices) by extensions ['ignore', 'ignore_ament_install']
[0.185s] Level 1:colcon.colcon_core.package_identification:_identify(matrices) by extension 'ignore'
[0.185s] Level 1:colcon.colcon_core.package_identification:_identify(matrices) by extension 'ignore_ament_install'
[0.185s] Level 1:colcon.colcon_core.package_identification:_identify(matrices) by extensions ['colcon_pkg']
[0.185s] Level 1:colcon.colcon_core.package_identification:_identify(matrices) by extension 'colcon_pkg'
[0.185s] Level 1:colcon.colcon_core.package_identification:_identify(matrices) by extensions ['colcon_meta']
[0.185s] Level 1:colcon.colcon_core.package_identification:_identify(matrices) by extension 'colcon_meta'
[0.185s] Level 1:colcon.colcon_core.package_identification:_identify(matrices) by extensions ['ros']
[0.185s] Level 1:colcon.colcon_core.package_identification:_identify(matrices) by extension 'ros'
[0.186s] Level 1:colcon.colcon_core.package_identification:_identify(matrices) by extensions ['cmake', 'python']
[0.186s] Level 1:colcon.colcon_core.package_identification:_identify(matrices) by extension 'cmake'
[0.186s] Level 1:colcon.colcon_core.package_identification:_identify(matrices) by extension 'python'
[0.186s] Level 1:colcon.colcon_core.package_identification:_identify(matrices) by extensions ['python_setup_py']
[0.186s] Level 1:colcon.colcon_core.package_identification:_identify(matrices) by extension 'python_setup_py'
[0.186s] Level 1:colcon.colcon_core.package_identification:_identify(new_ros2_ws) by extensions ['ignore', 'ignore_ament_install']
[0.186s] Level 1:colcon.colcon_core.package_identification:_identify(new_ros2_ws) by extension 'ignore'
[0.186s] Level 1:colcon.colcon_core.package_identification:_identify(new_ros2_ws) by extension 'ignore_ament_install'
[0.186s] Level 1:colcon.colcon_core.package_identification:_identify(new_ros2_ws) by extensions ['colcon_pkg']
[0.186s] Level 1:colcon.colcon_core.package_identification:_identify(new_ros2_ws) by extension 'colcon_pkg'
[0.186s] Level 1:colcon.colcon_core.package_identification:_identify(new_ros2_ws) by extensions ['colcon_meta']
[0.186s] Level 1:colcon.colcon_core.package_identification:_identify(new_ros2_ws) by extension 'colcon_meta'
[0.186s] Level 1:colcon.colcon_core.package_identification:_identify(new_ros2_ws) by extensions ['ros']
[0.186s] Level 1:colcon.colcon_core.package_identification:_identify(new_ros2_ws) by extension 'ros'
[0.186s] Level 1:colcon.colcon_core.package_identification:_identify(new_ros2_ws) by extensions ['cmake', 'python']
[0.186s] Level 1:colcon.colcon_core.package_identification:_identify(new_ros2_ws) by extension 'cmake'
[0.186s] Level 1:colcon.colcon_core.package_identification:_identify(new_ros2_ws) by extension 'python'
[0.186s] Level 1:colcon.colcon_core.package_identification:_identify(new_ros2_ws) by extensions ['python_setup_py']
[0.186s] Level 1:colcon.colcon_core.package_identification:_identify(new_ros2_ws) by extension 'python_setup_py'
[0.186s] Level 1:colcon.colcon_core.package_identification:_identify(new_ros2_ws/examples) by extensions ['ignore', 'ignore_ament_install']
[0.186s] Level 1:colcon.colcon_core.package_identification:_identify(new_ros2_ws/examples) by extension 'ignore'
[0.186s] Level 1:colcon.colcon_core.package_identification:_identify(new_ros2_ws/examples) by extension 'ignore_ament_install'
[0.186s] Level 1:colcon.colcon_core.package_identification:_identify(new_ros2_ws/examples) by extensions ['colcon_pkg']
[0.186s] Level 1:colcon.colcon_core.package_identification:_identify(new_ros2_ws/examples) by extension 'colcon_pkg'
[0.186s] Level 1:colcon.colcon_core.package_identification:_identify(new_ros2_ws/examples) by extensions ['colcon_meta']
[0.186s] Level 1:colcon.colcon_core.package_identification:_identify(new_ros2_ws/examples) by extension 'colcon_meta'
[0.186s] Level 1:colcon.colcon_core.package_identification:_identify(new_ros2_ws/examples) by extensions ['ros']
[0.186s] Level 1:colcon.colcon_core.package_identification:_identify(new_ros2_ws/examples) by extension 'ros'
[0.186s] Level 1:colcon.colcon_core.package_identification:_identify(new_ros2_ws/examples) by extensions ['cmake', 'python']
[0.186s] Level 1:colcon.colcon_core.package_identification:_identify(new_ros2_ws/examples) by extension 'cmake'
[0.187s] Level 1:colcon.colcon_core.package_identification:_identify(new_ros2_ws/examples) by extension 'python'
[0.187s] Level 1:colcon.colcon_core.package_identification:_identify(new_ros2_ws/examples) by extensions ['python_setup_py']
[0.187s] Level 1:colcon.colcon_core.package_identification:_identify(new_ros2_ws/examples) by extension 'python_setup_py'
[0.187s] Level 1:colcon.colcon_core.package_identification:_identify(new_ros2_ws/examples/sum) by extensions ['ignore', 'ignore_ament_install']
[0.187s] Level 1:colcon.colcon_core.package_identification:_identify(new_ros2_ws/examples/sum) by extension 'ignore'
[0.187s] Level 1:colcon.colcon_core.package_identification:_identify(new_ros2_ws/examples/sum) by extension 'ignore_ament_install'
[0.187s] Level 1:colcon.colcon_core.package_identification:_identify(new_ros2_ws/examples/sum) by extensions ['colcon_pkg']
[0.187s] Level 1:colcon.colcon_core.package_identification:_identify(new_ros2_ws/examples/sum) by extension 'colcon_pkg'
[0.187s] Level 1:colcon.colcon_core.package_identification:_identify(new_ros2_ws/examples/sum) by extensions ['colcon_meta']
[0.187s] Level 1:colcon.colcon_core.package_identification:_identify(new_ros2_ws/examples/sum) by extension 'colcon_meta'
[0.187s] Level 1:colcon.colcon_core.package_identification:_identify(new_ros2_ws/examples/sum) by extensions ['ros']
[0.187s] Level 1:colcon.colcon_core.package_identification:_identify(new_ros2_ws/examples/sum) by extension 'ros'
[0.190s] DEBUG:colcon.colcon_core.package_identification:Package 'new_ros2_ws/examples/sum' with type 'ros.ament_cmake' and name 'examples_sum'
[0.190s] Level 1:colcon.colcon_core.package_identification:_identify(new_ros2_ws/examples/topics) by extensions ['ignore', 'ignore_ament_install']
[0.190s] Level 1:colcon.colcon_core.package_identification:_identify(new_ros2_ws/examples/topics) by extension 'ignore'
[0.190s] Level 1:colcon.colcon_core.package_identification:_identify(new_ros2_ws/examples/topics) by extension 'ignore_ament_install'
[0.190s] Level 1:colcon.colcon_core.package_identification:_identify(new_ros2_ws/examples/topics) by extensions ['colcon_pkg']
[0.190s] Level 1:colcon.colcon_core.package_identification:_identify(new_ros2_ws/examples/topics) by extension 'colcon_pkg'
[0.190s] Level 1:colcon.colcon_core.package_identification:_identify(new_ros2_ws/examples/topics) by extensions ['colcon_meta']
[0.190s] Level 1:colcon.colcon_core.package_identification:_identify(new_ros2_ws/examples/topics) by extension 'colcon_meta'
[0.190s] Level 1:colcon.colcon_core.package_identification:_identify(new_ros2_ws/examples/topics) by extensions ['ros']
[0.190s] Level 1:colcon.colcon_core.package_identification:_identify(new_ros2_ws/examples/topics) by extension 'ros'
[0.192s] DEBUG:colcon.colcon_core.package_identification:Package 'new_ros2_ws/examples/topics' with type 'ros.ament_cmake' and name 'examples_topics'
[0.192s] Level 1:colcon.colcon_core.package_identification:_identify(new_ros2_ws/src) by extensions ['ignore', 'ignore_ament_install']
[0.192s] Level 1:colcon.colcon_core.package_identification:_identify(new_ros2_ws/src) by extension 'ignore'
[0.193s] Level 1:colcon.colcon_core.package_identification:_identify(new_ros2_ws/src) by extension 'ignore_ament_install'
[0.193s] Level 1:colcon.colcon_core.package_identification:_identify(new_ros2_ws/src) by extensions ['colcon_pkg']
[0.193s] Level 1:colcon.colcon_core.package_identification:_identify(new_ros2_ws/src) by extension 'colcon_pkg'
[0.193s] Level 1:colcon.colcon_core.package_identification:_identify(new_ros2_ws/src) by extensions ['colcon_meta']
[0.193s] Level 1:colcon.colcon_core.package_identification:_identify(new_ros2_ws/src) by extension 'colcon_meta'
[0.193s] Level 1:colcon.colcon_core.package_identification:_identify(new_ros2_ws/src) by extensions ['ros']
[0.193s] Level 1:colcon.colcon_core.package_identification:_identify(new_ros2_ws/src) by extension 'ros'
[0.193s] Level 1:colcon.colcon_core.package_identification:_identify(new_ros2_ws/src) by extensions ['cmake', 'python']
[0.193s] Level 1:colcon.colcon_core.package_identification:_identify(new_ros2_ws/src) by extension 'cmake'
[0.193s] Level 1:colcon.colcon_core.package_identification:_identify(new_ros2_ws/src) by extension 'python'
[0.193s] Level 1:colcon.colcon_core.package_identification:_identify(new_ros2_ws/src) by extensions ['python_setup_py']
[0.193s] Level 1:colcon.colcon_core.package_identification:_identify(new_ros2_ws/src) by extension 'python_setup_py'
[0.193s] Level 1:colcon.colcon_core.package_identification:_identify(new_ros2_ws/src/action_tutorials_cpp) by extensions ['ignore', 'ignore_ament_install']
[0.193s] Level 1:colcon.colcon_core.package_identification:_identify(new_ros2_ws/src/action_tutorials_cpp) by extension 'ignore'
[0.193s] Level 1:colcon.colcon_core.package_identification:_identify(new_ros2_ws/src/action_tutorials_cpp) by extension 'ignore_ament_install'
[0.193s] Level 1:colcon.colcon_core.package_identification:_identify(new_ros2_ws/src/action_tutorials_cpp) by extensions ['colcon_pkg']
[0.193s] Level 1:colcon.colcon_core.package_identification:_identify(new_ros2_ws/src/action_tutorials_cpp) by extension 'colcon_pkg'
[0.193s] Level 1:colcon.colcon_core.package_identification:_identify(new_ros2_ws/src/action_tutorials_cpp) by extensions ['colcon_meta']
[0.193s] Level 1:colcon.colcon_core.package_identification:_identify(new_ros2_ws/src/action_tutorials_cpp) by extension 'colcon_meta'
[0.193s] Level 1:colcon.colcon_core.package_identification:_identify(new_ros2_ws/src/action_tutorials_cpp) by extensions ['ros']
[0.193s] Level 1:colcon.colcon_core.package_identification:_identify(new_ros2_ws/src/action_tutorials_cpp) by extension 'ros'
[0.195s] DEBUG:colcon.colcon_core.package_identification:Package 'new_ros2_ws/src/action_tutorials_cpp' with type 'ros.ament_cmake' and name 'action_tutorials_cpp'
[0.195s] Level 1:colcon.colcon_core.package_identification:_identify(new_ros2_ws/src/action_tutorials_interfaces) by extensions ['ignore', 'ignore_ament_install']
[0.195s] Level 1:colcon.colcon_core.package_identification:_identify(new_ros2_ws/src/action_tutorials_interfaces) by extension 'ignore'
[0.195s] Level 1:colcon.colcon_core.package_identification:_identify(new_ros2_ws/src/action_tutorials_interfaces) by extension 'ignore_ament_install'
[0.195s] Level 1:colcon.colcon_core.package_identification:_identify(new_ros2_ws/src/action_tutorials_interfaces) by extensions ['colcon_pkg']
[0.195s] Level 1:colcon.colcon_core.package_identification:_identify(new_ros2_ws/src/action_tutorials_interfaces) by extension 'colcon_pkg'
[0.195s] Level 1:colcon.colcon_core.package_identification:_identify(new_ros2_ws/src/action_tutorials_interfaces) by extensions ['colcon_meta']
[0.195s] Level 1:colcon.colcon_core.package_identification:_identify(new_ros2_ws/src/action_tutorials_interfaces) by extension 'colcon_meta'
[0.195s] Level 1:colcon.colcon_core.package_identification:_identify(new_ros2_ws/src/action_tutorials_interfaces) by extensions ['ros']
[0.195s] Level 1:colcon.colcon_core.package_identification:_identify(new_ros2_ws/src/action_tutorials_interfaces) by extension 'ros'
[0.197s] DEBUG:colcon.colcon_core.package_identification:Package 'new_ros2_ws/src/action_tutorials_interfaces' with type 'ros.ament_cmake' and name 'action_tutorials_interfaces'
[0.197s] Level 1:colcon.colcon_core.package_identification:_identify(new_ros2_ws/src/cpp_srvcli) by extensions ['ignore', 'ignore_ament_install']
[0.197s] Level 1:colcon.colcon_core.package_identification:_identify(new_ros2_ws/src/cpp_srvcli) by extension 'ignore'
[0.197s] Level 1:colcon.colcon_core.package_identification:_identify(new_ros2_ws/src/cpp_srvcli) by extension 'ignore_ament_install'
[0.197s] Level 1:colcon.colcon_core.package_identification:_identify(new_ros2_ws/src/cpp_srvcli) by extensions ['colcon_pkg']
[0.197s] Level 1:colcon.colcon_core.package_identification:_identify(new_ros2_ws/src/cpp_srvcli) by extension 'colcon_pkg'
[0.197s] Level 1:colcon.colcon_core.package_identification:_identify(new_ros2_ws/src/cpp_srvcli) by extensions ['colcon_meta']
[0.197s] Level 1:colcon.colcon_core.package_identification:_identify(new_ros2_ws/src/cpp_srvcli) by extension 'colcon_meta'
[0.197s] Level 1:colcon.colcon_core.package_identification:_identify(new_ros2_ws/src/cpp_srvcli) by extensions ['ros']
[0.197s] Level 1:colcon.colcon_core.package_identification:_identify(new_ros2_ws/src/cpp_srvcli) by extension 'ros'
[0.199s] DEBUG:colcon.colcon_core.package_identification:Package 'new_ros2_ws/src/cpp_srvcli' with type 'ros.ament_cmake' and name 'cpp_srvcli'
[0.199s] Level 1:colcon.colcon_core.package_identification:_identify(new_ros2_ws/src/learning_tf2_cpp) by extensions ['ignore', 'ignore_ament_install']
[0.199s] Level 1:colcon.colcon_core.package_identification:_identify(new_ros2_ws/src/learning_tf2_cpp) by extension 'ignore'
[0.199s] Level 1:colcon.colcon_core.package_identification:_identify(new_ros2_ws/src/learning_tf2_cpp) by extension 'ignore_ament_install'
[0.199s] Level 1:colcon.colcon_core.package_identification:_identify(new_ros2_ws/src/learning_tf2_cpp) by extensions ['colcon_pkg']
[0.199s] Level 1:colcon.colcon_core.package_identification:_identify(new_ros2_ws/src/learning_tf2_cpp) by extension 'colcon_pkg'
[0.199s] Level 1:colcon.colcon_core.package_identification:_identify(new_ros2_ws/src/learning_tf2_cpp) by extensions ['colcon_meta']
[0.199s] Level 1:colcon.colcon_core.package_identification:_identify(new_ros2_ws/src/learning_tf2_cpp) by extension 'colcon_meta'
[0.199s] Level 1:colcon.colcon_core.package_identification:_identify(new_ros2_ws/src/learning_tf2_cpp) by extensions ['ros']
[0.199s] Level 1:colcon.colcon_core.package_identification:_identify(new_ros2_ws/src/learning_tf2_cpp) by extension 'ros'
[0.201s] DEBUG:colcon.colcon_core.package_identification:Package 'new_ros2_ws/src/learning_tf2_cpp' with type 'ros.ament_cmake' and name 'learning_tf2_cpp'
[0.201s] Level 1:colcon.colcon_core.package_identification:_identify(practicar_ros) by extensions ['ignore', 'ignore_ament_install']
[0.201s] Level 1:colcon.colcon_core.package_identification:_identify(practicar_ros) by extension 'ignore'
[0.201s] Level 1:colcon.colcon_core.package_identification:_identify(practicar_ros) by extension 'ignore_ament_install'
[0.201s] Level 1:colcon.colcon_core.package_identification:_identify(practicar_ros) by extensions ['colcon_pkg']
[0.201s] Level 1:colcon.colcon_core.package_identification:_identify(practicar_ros) by extension 'colcon_pkg'
[0.202s] Level 1:colcon.colcon_core.package_identification:_identify(practicar_ros) by extensions ['colcon_meta']
[0.202s] Level 1:colcon.colcon_core.package_identification:_identify(practicar_ros) by extension 'colcon_meta'
[0.202s] Level 1:colcon.colcon_core.package_identification:_identify(practicar_ros) by extensions ['ros']
[0.202s] Level 1:colcon.colcon_core.package_identification:_identify(practicar_ros) by extension 'ros'
[0.202s] Level 1:colcon.colcon_core.package_identification:_identify(practicar_ros) by extensions ['cmake', 'python']
[0.202s] Level 1:colcon.colcon_core.package_identification:_identify(practicar_ros) by extension 'cmake'
[0.202s] Level 1:colcon.colcon_core.package_identification:_identify(practicar_ros) by extension 'python'
[0.202s] Level 1:colcon.colcon_core.package_identification:_identify(practicar_ros) by extensions ['python_setup_py']
[0.202s] Level 1:colcon.colcon_core.package_identification:_identify(practicar_ros) by extension 'python_setup_py'
[0.202s] Level 1:colcon.colcon_core.package_identification:_identify(practicar_ros/src) by extensions ['ignore', 'ignore_ament_install']
[0.202s] Level 1:colcon.colcon_core.package_identification:_identify(practicar_ros/src) by extension 'ignore'
[0.202s] Level 1:colcon.colcon_core.package_identification:_identify(practicar_ros/src) by extension 'ignore_ament_install'
[0.202s] Level 1:colcon.colcon_core.package_identification:_identify(practicar_ros/src) by extensions ['colcon_pkg']
[0.202s] Level 1:colcon.colcon_core.package_identification:_identify(practicar_ros/src) by extension 'colcon_pkg'
[0.202s] Level 1:colcon.colcon_core.package_identification:_identify(practicar_ros/src) by extensions ['colcon_meta']
[0.202s] Level 1:colcon.colcon_core.package_identification:_identify(practicar_ros/src) by extension 'colcon_meta'
[0.202s] Level 1:colcon.colcon_core.package_identification:_identify(practicar_ros/src) by extensions ['ros']
[0.202s] Level 1:colcon.colcon_core.package_identification:_identify(practicar_ros/src) by extension 'ros'
[0.202s] Level 1:colcon.colcon_core.package_identification:_identify(practicar_ros/src) by extensions ['cmake', 'python']
[0.202s] Level 1:colcon.colcon_core.package_identification:_identify(practicar_ros/src) by extension 'cmake'
[0.202s] Level 1:colcon.colcon_core.package_identification:_identify(practicar_ros/src) by extension 'python'
[0.202s] Level 1:colcon.colcon_core.package_identification:_identify(practicar_ros/src) by extensions ['python_setup_py']
[0.202s] Level 1:colcon.colcon_core.package_identification:_identify(practicar_ros/src) by extension 'python_setup_py'
[0.202s] Level 1:colcon.colcon_core.package_identification:_identify(practicar_ros/src/examples) by extensions ['ignore', 'ignore_ament_install']
[0.202s] Level 1:colcon.colcon_core.package_identification:_identify(practicar_ros/src/examples) by extension 'ignore'
[0.202s] Level 1:colcon.colcon_core.package_identification:_identify(practicar_ros/src/examples) by extension 'ignore_ament_install'
[0.203s] Level 1:colcon.colcon_core.package_identification:_identify(practicar_ros/src/examples) by extensions ['colcon_pkg']
[0.203s] Level 1:colcon.colcon_core.package_identification:_identify(practicar_ros/src/examples) by extension 'colcon_pkg'
[0.203s] Level 1:colcon.colcon_core.package_identification:_identify(practicar_ros/src/examples) by extensions ['colcon_meta']
[0.203s] Level 1:colcon.colcon_core.package_identification:_identify(practicar_ros/src/examples) by extension 'colcon_meta'
[0.203s] Level 1:colcon.colcon_core.package_identification:_identify(practicar_ros/src/examples) by extensions ['ros']
[0.203s] Level 1:colcon.colcon_core.package_identification:_identify(practicar_ros/src/examples) by extension 'ros'
[0.203s] Level 1:colcon.colcon_core.package_identification:_identify(practicar_ros/src/examples) by extensions ['cmake', 'python']
[0.203s] Level 1:colcon.colcon_core.package_identification:_identify(practicar_ros/src/examples) by extension 'cmake'
[0.203s] Level 1:colcon.colcon_core.package_identification:_identify(practicar_ros/src/examples) by extension 'python'
[0.203s] Level 1:colcon.colcon_core.package_identification:_identify(practicar_ros/src/examples) by extensions ['python_setup_py']
[0.203s] Level 1:colcon.colcon_core.package_identification:_identify(practicar_ros/src/examples) by extension 'python_setup_py'
[0.204s] Level 1:colcon.colcon_core.package_identification:_identify(practicar_ros/src/examples/sum) by extensions ['ignore', 'ignore_ament_install']
[0.204s] Level 1:colcon.colcon_core.package_identification:_identify(practicar_ros/src/examples/sum) by extension 'ignore'
[0.204s] Level 1:colcon.colcon_core.package_identification:_identify(practicar_ros/src/examples/sum) by extension 'ignore_ament_install'
[0.204s] Level 1:colcon.colcon_core.package_identification:_identify(practicar_ros/src/examples/sum) by extensions ['colcon_pkg']
[0.204s] Level 1:colcon.colcon_core.package_identification:_identify(practicar_ros/src/examples/sum) by extension 'colcon_pkg'
[0.204s] Level 1:colcon.colcon_core.package_identification:_identify(practicar_ros/src/examples/sum) by extensions ['colcon_meta']
[0.204s] Level 1:colcon.colcon_core.package_identification:_identify(practicar_ros/src/examples/sum) by extension 'colcon_meta'
[0.204s] Level 1:colcon.colcon_core.package_identification:_identify(practicar_ros/src/examples/sum) by extensions ['ros']
[0.204s] Level 1:colcon.colcon_core.package_identification:_identify(practicar_ros/src/examples/sum) by extension 'ros'
[0.205s] DEBUG:colcon.colcon_core.package_identification:Package 'practicar_ros/src/examples/sum' with type 'ros.ament_cmake' and name 'examples_sum'
[0.205s] Level 1:colcon.colcon_core.package_identification:_identify(practicar_ros/src/examples/topics) by extensions ['ignore', 'ignore_ament_install']
[0.205s] Level 1:colcon.colcon_core.package_identification:_identify(practicar_ros/src/examples/topics) by extension 'ignore'
[0.205s] Level 1:colcon.colcon_core.package_identification:_identify(practicar_ros/src/examples/topics) by extension 'ignore_ament_install'
[0.205s] Level 1:colcon.colcon_core.package_identification:_identify(practicar_ros/src/examples/topics) by extensions ['colcon_pkg']
[0.205s] Level 1:colcon.colcon_core.package_identification:_identify(practicar_ros/src/examples/topics) by extension 'colcon_pkg'
[0.205s] Level 1:colcon.colcon_core.package_identification:_identify(practicar_ros/src/examples/topics) by extensions ['colcon_meta']
[0.205s] Level 1:colcon.colcon_core.package_identification:_identify(practicar_ros/src/examples/topics) by extension 'colcon_meta'
[0.205s] Level 1:colcon.colcon_core.package_identification:_identify(practicar_ros/src/examples/topics) by extensions ['ros']
[0.205s] Level 1:colcon.colcon_core.package_identification:_identify(practicar_ros/src/examples/topics) by extension 'ros'
[0.206s] DEBUG:colcon.colcon_core.package_identification:Failed to parse potential ROS package manifest in'practicar_ros/src/examples/topics': Error(s) in package 'practicar_ros/src/examples/topics/package.xml':
The manifest contains invalid XML:
junk after document element: line 29, column 0
[0.206s] Level 1:colcon.colcon_core.package_identification:_identify(practicar_ros/src/examples/topics) by extensions ['cmake', 'python']
[0.206s] Level 1:colcon.colcon_core.package_identification:_identify(practicar_ros/src/examples/topics) by extension 'cmake'
[0.206s] Level 1:colcon.colcon_core.package_identification:_identify(practicar_ros/src/examples/topics) by extension 'python'
[0.206s] Level 1:colcon.colcon_core.package_identification:_identify(practicar_ros/src/examples/topics) by extensions ['python_setup_py']
[0.206s] Level 1:colcon.colcon_core.package_identification:_identify(practicar_ros/src/examples/topics) by extension 'python_setup_py'
[0.206s] Level 1:colcon.colcon_core.package_identification:_identify(quadratic) by extensions ['ignore', 'ignore_ament_install']
[0.206s] Level 1:colcon.colcon_core.package_identification:_identify(quadratic) by extension 'ignore'
[0.207s] Level 1:colcon.colcon_core.package_identification:_identify(quadratic) by extension 'ignore_ament_install'
[0.207s] Level 1:colcon.colcon_core.package_identification:_identify(quadratic) by extensions ['colcon_pkg']
[0.207s] Level 1:colcon.colcon_core.package_identification:_identify(quadratic) by extension 'colcon_pkg'
[0.207s] Level 1:colcon.colcon_core.package_identification:_identify(quadratic) by extensions ['colcon_meta']
[0.207s] Level 1:colcon.colcon_core.package_identification:_identify(quadratic) by extension 'colcon_meta'
[0.207s] Level 1:colcon.colcon_core.package_identification:_identify(quadratic) by extensions ['ros']
[0.207s] Level 1:colcon.colcon_core.package_identification:_identify(quadratic) by extension 'ros'
[0.207s] Level 1:colcon.colcon_core.package_identification:_identify(quadratic) by extensions ['cmake', 'python']
[0.207s] Level 1:colcon.colcon_core.package_identification:_identify(quadratic) by extension 'cmake'
[0.207s] Level 1:colcon.colcon_core.package_identification:_identify(quadratic) by extension 'python'
[0.207s] Level 1:colcon.colcon_core.package_identification:_identify(quadratic) by extensions ['python_setup_py']
[0.207s] Level 1:colcon.colcon_core.package_identification:_identify(quadratic) by extension 'python_setup_py'
[0.207s] Level 1:colcon.colcon_core.package_identification:_identify(tb3_ws) by extensions ['ignore', 'ignore_ament_install']
[0.207s] Level 1:colcon.colcon_core.package_identification:_identify(tb3_ws) by extension 'ignore'
[0.207s] Level 1:colcon.colcon_core.package_identification:_identify(tb3_ws) by extension 'ignore_ament_install'
[0.207s] Level 1:colcon.colcon_core.package_identification:_identify(tb3_ws) by extensions ['colcon_pkg']
[0.207s] Level 1:colcon.colcon_core.package_identification:_identify(tb3_ws) by extension 'colcon_pkg'
[0.207s] Level 1:colcon.colcon_core.package_identification:_identify(tb3_ws) by extensions ['colcon_meta']
[0.207s] Level 1:colcon.colcon_core.package_identification:_identify(tb3_ws) by extension 'colcon_meta'
[0.207s] Level 1:colcon.colcon_core.package_identification:_identify(tb3_ws) by extensions ['ros']
[0.207s] Level 1:colcon.colcon_core.package_identification:_identify(tb3_ws) by extension 'ros'
[0.207s] Level 1:colcon.colcon_core.package_identification:_identify(tb3_ws) by extensions ['cmake', 'python']
[0.207s] Level 1:colcon.colcon_core.package_identification:_identify(tb3_ws) by extension 'cmake'
[0.207s] Level 1:colcon.colcon_core.package_identification:_identify(tb3_ws) by extension 'python'
[0.207s] Level 1:colcon.colcon_core.package_identification:_identify(tb3_ws) by extensions ['python_setup_py']
[0.207s] Level 1:colcon.colcon_core.package_identification:_identify(tb3_ws) by extension 'python_setup_py'
[0.208s] Level 1:colcon.colcon_core.package_identification:_identify(tb3_ws/src) by extensions ['ignore', 'ignore_ament_install']
[0.208s] Level 1:colcon.colcon_core.package_identification:_identify(tb3_ws/src) by extension 'ignore'
[0.208s] Level 1:colcon.colcon_core.package_identification:_identify(tb3_ws/src) by extension 'ignore_ament_install'
[0.208s] Level 1:colcon.colcon_core.package_identification:_identify(tb3_ws/src) by extensions ['colcon_pkg']
[0.208s] Level 1:colcon.colcon_core.package_identification:_identify(tb3_ws/src) by extension 'colcon_pkg'
[0.208s] Level 1:colcon.colcon_core.package_identification:_identify(tb3_ws/src) by extensions ['colcon_meta']
[0.208s] Level 1:colcon.colcon_core.package_identification:_identify(tb3_ws/src) by extension 'colcon_meta'
[0.208s] Level 1:colcon.colcon_core.package_identification:_identify(tb3_ws/src) by extensions ['ros']
[0.208s] Level 1:colcon.colcon_core.package_identification:_identify(tb3_ws/src) by extension 'ros'
[0.208s] Level 1:colcon.colcon_core.package_identification:_identify(tb3_ws/src) by extensions ['cmake', 'python']
[0.208s] Level 1:colcon.colcon_core.package_identification:_identify(tb3_ws/src) by extension 'cmake'
[0.208s] Level 1:colcon.colcon_core.package_identification:_identify(tb3_ws/src) by extension 'python'
[0.208s] Level 1:colcon.colcon_core.package_identification:_identify(tb3_ws/src) by extensions ['python_setup_py']
[0.208s] Level 1:colcon.colcon_core.package_identification:_identify(tb3_ws/src) by extension 'python_setup_py'
[0.208s] Level 1:colcon.colcon_core.package_identification:_identify(tb3_ws/src/obstacles) by extensions ['ignore', 'ignore_ament_install']
[0.208s] Level 1:colcon.colcon_core.package_identification:_identify(tb3_ws/src/obstacles) by extension 'ignore'
[0.208s] Level 1:colcon.colcon_core.package_identification:_identify(tb3_ws/src/obstacles) by extension 'ignore_ament_install'
[0.208s] Level 1:colcon.colcon_core.package_identification:_identify(tb3_ws/src/obstacles) by extensions ['colcon_pkg']
[0.208s] Level 1:colcon.colcon_core.package_identification:_identify(tb3_ws/src/obstacles) by extension 'colcon_pkg'
[0.208s] Level 1:colcon.colcon_core.package_identification:_identify(tb3_ws/src/obstacles) by extensions ['colcon_meta']
[0.208s] Level 1:colcon.colcon_core.package_identification:_identify(tb3_ws/src/obstacles) by extension 'colcon_meta'
[0.208s] Level 1:colcon.colcon_core.package_identification:_identify(tb3_ws/src/obstacles) by extensions ['ros']
[0.208s] Level 1:colcon.colcon_core.package_identification:_identify(tb3_ws/src/obstacles) by extension 'ros'
[0.209s] DEBUG:colcon.colcon_core.package_identification:Package 'tb3_ws/src/obstacles' with type 'ros.ament_cmake' and name 'obstacles'
[0.209s] Level 1:colcon.colcon_core.package_identification:_identify(tb3_ws/src/olympic) by extensions ['ignore', 'ignore_ament_install']
[0.209s] Level 1:colcon.colcon_core.package_identification:_identify(tb3_ws/src/olympic) by extension 'ignore'
[0.209s] Level 1:colcon.colcon_core.package_identification:_identify(tb3_ws/src/olympic) by extension 'ignore_ament_install'
[0.210s] Level 1:colcon.colcon_core.package_identification:_identify(tb3_ws/src/olympic) by extensions ['colcon_pkg']
[0.210s] Level 1:colcon.colcon_core.package_identification:_identify(tb3_ws/src/olympic) by extension 'colcon_pkg'
[0.210s] Level 1:colcon.colcon_core.package_identification:_identify(tb3_ws/src/olympic) by extensions ['colcon_meta']
[0.210s] Level 1:colcon.colcon_core.package_identification:_identify(tb3_ws/src/olympic) by extension 'colcon_meta'
[0.210s] Level 1:colcon.colcon_core.package_identification:_identify(tb3_ws/src/olympic) by extensions ['ros']
[0.210s] Level 1:colcon.colcon_core.package_identification:_identify(tb3_ws/src/olympic) by extension 'ros'
[0.210s] DEBUG:colcon.colcon_core.package_identification:Package 'tb3_ws/src/olympic' with type 'ros.ament_cmake' and name 'olympic'
[0.211s] Level 1:colcon.colcon_core.package_identification:_identify(tb3_ws/src/olympic_interfaces) by extensions ['ignore', 'ignore_ament_install']
[0.211s] Level 1:colcon.colcon_core.package_identification:_identify(tb3_ws/src/olympic_interfaces) by extension 'ignore'
[0.211s] Level 1:colcon.colcon_core.package_identification:_identify(tb3_ws/src/olympic_interfaces) by extension 'ignore_ament_install'
[0.211s] Level 1:colcon.colcon_core.package_identification:_identify(tb3_ws/src/olympic_interfaces) by extensions ['colcon_pkg']
[0.211s] Level 1:colcon.colcon_core.package_identification:_identify(tb3_ws/src/olympic_interfaces) by extension 'colcon_pkg'
[0.211s] Level 1:colcon.colcon_core.package_identification:_identify(tb3_ws/src/olympic_interfaces) by extensions ['colcon_meta']
[0.211s] Level 1:colcon.colcon_core.package_identification:_identify(tb3_ws/src/olympic_interfaces) by extension 'colcon_meta'
[0.211s] Level 1:colcon.colcon_core.package_identification:_identify(tb3_ws/src/olympic_interfaces) by extensions ['ros']
[0.211s] Level 1:colcon.colcon_core.package_identification:_identify(tb3_ws/src/olympic_interfaces) by extension 'ros'
[0.212s] DEBUG:colcon.colcon_core.package_identification:Package 'tb3_ws/src/olympic_interfaces' with type 'ros.ament_cmake' and name 'olympic_interfaces'
[0.212s] Level 1:colcon.colcon_core.package_identification:_identify(tb3_ws/src/robot_trajectory) by extensions ['ignore', 'ignore_ament_install']
[0.212s] Level 1:colcon.colcon_core.package_identification:_identify(tb3_ws/src/robot_trajectory) by extension 'ignore'
[0.212s] Level 1:colcon.colcon_core.package_identification:_identify(tb3_ws/src/robot_trajectory) by extension 'ignore_ament_install'
[0.212s] Level 1:colcon.colcon_core.package_identification:_identify(tb3_ws/src/robot_trajectory) by extensions ['colcon_pkg']
[0.212s] Level 1:colcon.colcon_core.package_identification:_identify(tb3_ws/src/robot_trajectory) by extension 'colcon_pkg'
[0.212s] Level 1:colcon.colcon_core.package_identification:_identify(tb3_ws/src/robot_trajectory) by extensions ['colcon_meta']
[0.212s] Level 1:colcon.colcon_core.package_identification:_identify(tb3_ws/src/robot_trajectory) by extension 'colcon_meta'
[0.212s] Level 1:colcon.colcon_core.package_identification:_identify(tb3_ws/src/robot_trajectory) by extensions ['ros']
[0.213s] Level 1:colcon.colcon_core.package_identification:_identify(tb3_ws/src/robot_trajectory) by extension 'ros'
[0.213s] DEBUG:colcon.colcon_core.package_identification:Package 'tb3_ws/src/robot_trajectory' with type 'ros.ament_cmake' and name 'robot_trajectory'
[0.213s] Level 1:colcon.colcon_core.package_discovery:discover_packages(recursive) using defaults
[0.214s] Level 1:colcon.colcon_core.package_discovery:discover_packages(ignore) discover
[0.214s] Level 1:colcon.colcon_core.package_discovery:discover_packages(ignore) using defaults
[0.214s] Level 1:colcon.colcon_core.package_discovery:discover_packages(path) discover
[0.214s] Level 1:colcon.colcon_core.package_discovery:discover_packages(path) using defaults
[0.233s] INFO:colcon.colcon_core.package_selection:Skipping not selected package 'action_tutorials_interfaces' in 'new_ros2_ws/src/action_tutorials_interfaces'
[0.233s] INFO:colcon.colcon_core.package_selection:Skipping not selected package 'cpp_srvcli' in 'new_ros2_ws/src/cpp_srvcli'
[0.233s] INFO:colcon.colcon_core.package_selection:Skipping not selected package 'examples_sum' in 'practicar_ros/src/examples/sum'
[0.233s] INFO:colcon.colcon_core.package_selection:Skipping not selected package 'examples_sum' in 'new_ros2_ws/examples/sum'
[0.233s] INFO:colcon.colcon_core.package_selection:Skipping not selected package 'examples_topics' in 'new_ros2_ws/examples/topics'
[0.233s] INFO:colcon.colcon_core.package_selection:Skipping not selected package 'learning_tf2_cpp' in 'new_ros2_ws/src/learning_tf2_cpp'
[0.233s] INFO:colcon.colcon_core.package_selection:Skipping not selected package 'obstacles' in 'tb3_ws/src/obstacles'
[0.233s] INFO:colcon.colcon_core.package_selection:Skipping not selected package 'olympic' in 'tb3_ws/src/olympic'
[0.233s] INFO:colcon.colcon_core.package_selection:Skipping not selected package 'robot_trajectory' in 'tb3_ws/src/robot_trajectory'
[0.233s] INFO:colcon.colcon_core.package_selection:Skipping not selected package 'action_tutorials_cpp' in 'new_ros2_ws/src/action_tutorials_cpp'
[0.234s] Level 1:colcon.colcon_core.package_discovery:discover_packages(prefix_path) check parameters
[0.234s] Level 1:colcon.colcon_core.package_discovery:discover_packages(prefix_path) discover
[0.237s] DEBUG:colcon.colcon_installed_package_information.package_discovery:Found 271 installed packages in /opt/ros/foxy
[0.238s] Level 1:colcon.colcon_core.package_discovery:discover_packages(prefix_path) using defaults
[0.281s] Level 5:colcon.colcon_core.verb:set package 'olympic_interfaces' build argument 'cmake_args' from command line to 'None'
[0.281s] Level 5:colcon.colcon_core.verb:set package 'olympic_interfaces' build argument 'cmake_target' from command line to 'None'
[0.281s] Level 5:colcon.colcon_core.verb:set package 'olympic_interfaces' build argument 'cmake_target_skip_unavailable' from command line to 'False'
[0.281s] Level 5:colcon.colcon_core.verb:set package 'olympic_interfaces' build argument 'cmake_clean_cache' from command line to 'False'
[0.281s] Level 5:colcon.colcon_core.verb:set package 'olympic_interfaces' build argument 'cmake_clean_first' from command line to 'False'
[0.281s] Level 5:colcon.colcon_core.verb:set package 'olympic_interfaces' build argument 'cmake_force_configure' from command line to 'False'
[0.281s] Level 5:colcon.colcon_core.verb:set package 'olympic_interfaces' build argument 'ament_cmake_args' from command line to 'None'
[0.281s] Level 5:colcon.colcon_core.verb:set package 'olympic_interfaces' build argument 'catkin_cmake_args' from command line to 'None'
[0.281s] Level 5:colcon.colcon_core.verb:set package 'olympic_interfaces' build argument 'catkin_skip_building_tests' from command line to 'False'
[0.281s] DEBUG:colcon.colcon_core.verb:Building package 'olympic_interfaces' with the following arguments: {'ament_cmake_args': None, 'build_base': '/home/usuario/Documentos/GitHub/IR2117/build/olympic_interfaces', 'catkin_cmake_args': None, 'catkin_skip_building_tests': False, 'cmake_args': None, 'cmake_clean_cache': False, 'cmake_clean_first': False, 'cmake_force_configure': False, 'cmake_target': None, 'cmake_target_skip_unavailable': False, 'install_base': '/home/usuario/Documentos/GitHub/IR2117/install/olympic_interfaces', 'merge_install': False, 'path': '/home/usuario/Documentos/GitHub/IR2117/tb3_ws/src/olympic_interfaces', 'symlink_install': False, 'test_result_base': None}
[0.282s] INFO:colcon.colcon_core.executor:Executing jobs using 'parallel' executor
[0.286s] DEBUG:colcon.colcon_parallel_executor.executor.parallel:run_until_complete
[0.287s] INFO:colcon.colcon_ros.task.ament_cmake.build:Building ROS package in '/home/usuario/Documentos/GitHub/IR2117/tb3_ws/src/olympic_interfaces' with build type 'ament_cmake'
[0.287s] INFO:colcon.colcon_cmake.task.cmake.build:Building CMake package in '/home/usuario/Documentos/GitHub/IR2117/tb3_ws/src/olympic_interfaces'
[0.292s] INFO:colcon.colcon_core.plugin_system:Skipping extension 'colcon_core.shell.bat': Not used on non-Windows systems
[0.292s] INFO:colcon.colcon_core.shell:Skip shell extension 'powershell' for command environment: Not usable outside of PowerShell
[0.292s] DEBUG:colcon.colcon_core.shell:Skip shell extension 'dsv' for command environment
[0.306s] DEBUG:colcon.colcon_core.event_handler.log_command:Invoking command in '/home/usuario/Documentos/GitHub/IR2117/build/olympic_interfaces': CMAKE_PREFIX_PATH=/opt/ros/foxy /usr/bin/cmake /home/usuario/Documentos/GitHub/IR2117/tb3_ws/src/olympic_interfaces -DCMAKE_INSTALL_PREFIX=/home/usuario/Documentos/GitHub/IR2117/install/olympic_interfaces
[1.446s] DEBUG:colcon.colcon_core.event_handler.log_command:Invoked command in '/home/usuario/Documentos/GitHub/IR2117/build/olympic_interfaces' returned '1': CMAKE_PREFIX_PATH=/opt/ros/foxy /usr/bin/cmake /home/usuario/Documentos/GitHub/IR2117/tb3_ws/src/olympic_interfaces -DCMAKE_INSTALL_PREFIX=/home/usuario/Documentos/GitHub/IR2117/install/olympic_interfaces
[1.462s] Level 1:colcon.colcon_core.environment:create_environment_scripts_only(olympic_interfaces)
[1.472s] Level 1:colcon.colcon_core.environment:checking '/home/usuario/Documentos/GitHub/IR2117/install/olympic_interfaces' for CMake module files
[1.473s] Level 1:colcon.colcon_core.environment:checking '/home/usuario/Documentos/GitHub/IR2117/install/olympic_interfaces' for CMake config files
[1.474s] Level 1:colcon.colcon_core.environment:checking '/home/usuario/Documentos/GitHub/IR2117/install/olympic_interfaces/bin'
[1.474s] Level 1:colcon.colcon_core.environment:checking '/home/usuario/Documentos/GitHub/IR2117/install/olympic_interfaces/lib/pkgconfig/olympic_interfaces.pc'
[1.474s] Level 1:colcon.colcon_core.environment:checking '/home/usuario/Documentos/GitHub/IR2117/install/olympic_interfaces/lib/python3.8/site-packages'
[1.474s] Level 1:colcon.colcon_core.environment:checking '/home/usuario/Documentos/GitHub/IR2117/install/olympic_interfaces/bin'
[1.477s] INFO:colcon.colcon_core.shell:Creating package script '/home/usuario/Documentos/GitHub/IR2117/install/olympic_interfaces/share/olympic_interfaces/package.ps1'
[1.478s] INFO:colcon.colcon_core.shell:Creating package descriptor '/home/usuario/Documentos/GitHub/IR2117/install/olympic_interfaces/share/olympic_interfaces/package.dsv'
[1.478s] INFO:colcon.colcon_core.shell:Creating package script '/home/usuario/Documentos/GitHub/IR2117/install/olympic_interfaces/share/olympic_interfaces/package.sh'
[1.479s] INFO:colcon.colcon_core.shell:Creating package script '/home/usuario/Documentos/GitHub/IR2117/install/olympic_interfaces/share/olympic_interfaces/package.bash'
[1.480s] INFO:colcon.colcon_core.shell:Creating package script '/home/usuario/Documentos/GitHub/IR2117/install/olympic_interfaces/share/olympic_interfaces/package.zsh'
[1.481s] Level 1:colcon.colcon_core.environment:create_file_with_runtime_dependencies(/home/usuario/Documentos/GitHub/IR2117/install/olympic_interfaces/share/colcon-core/packages/olympic_interfaces)
[1.492s] DEBUG:colcon.colcon_parallel_executor.executor.parallel:closing loop
[1.492s] DEBUG:colcon.colcon_parallel_executor.executor.parallel:loop closed
[1.492s] DEBUG:colcon.colcon_parallel_executor.executor.parallel:run_until_complete finished with '1'
[1.493s] DEBUG:colcon.colcon_core.event_reactor:joining thread
[1.501s] INFO:colcon.colcon_core.plugin_system:Skipping extension 'colcon_notification.desktop_notification.terminal_notifier': Not used on non-Darwin systems
[1.501s] INFO:colcon.colcon_core.plugin_system:Skipping extension 'colcon_notification.desktop_notification.win32': Not used on non-Windows systems
[1.501s] INFO:colcon.colcon_notification.desktop_notification:Sending desktop notification using 'notify2'
[1.519s] DEBUG:colcon.colcon_core.event_reactor:joined thread
[1.521s] INFO:colcon.colcon_core.shell:Creating prefix script '/home/usuario/Documentos/GitHub/IR2117/install/local_setup.ps1'
[1.523s] INFO:colcon.colcon_core.shell:Creating prefix util module '/home/usuario/Documentos/GitHub/IR2117/install/_local_setup_util_ps1.py'
[1.524s] INFO:colcon.colcon_core.shell:Creating prefix chain script '/home/usuario/Documentos/GitHub/IR2117/install/setup.ps1'
[1.526s] INFO:colcon.colcon_core.shell:Creating prefix script '/home/usuario/Documentos/GitHub/IR2117/install/local_setup.sh'
[1.527s] INFO:colcon.colcon_core.shell:Creating prefix util module '/home/usuario/Documentos/GitHub/IR2117/install/_local_setup_util_sh.py'
[1.527s] INFO:colcon.colcon_core.shell:Creating prefix chain script '/home/usuario/Documentos/GitHub/IR2117/install/setup.sh'
[1.529s] INFO:colcon.colcon_core.shell:Creating prefix script '/home/usuario/Documentos/GitHub/IR2117/install/local_setup.bash'
[1.530s] INFO:colcon.colcon_core.shell:Creating prefix chain script '/home/usuario/Documentos/GitHub/IR2117/install/setup.bash'
[1.532s] INFO:colcon.colcon_core.shell:Creating prefix script '/home/usuario/Documentos/GitHub/IR2117/install/local_setup.zsh'
[1.532s] INFO:colcon.colcon_core.shell:Creating prefix chain script '/home/usuario/Documentos/GitHub/IR2117/install/setup.zsh'
